[2022-09-20] [16:42] Aleksey: Привет!
[2022-09-20] [17:19] Aleksey: lk
[2022-09-20] [17:20] Aleksey: g
[2022-09-20] [17:20] Aleksey: h
[2022-09-20] [17:59] Aleksey: Привет!
[2022-09-20] [17:59] Aleksey: Как дела ?
[2022-09-20] [18:05] Aleksey: Привет!
[2022-09-20] [18:09] Aleksey: Ку
[2022-09-20] [18:09] Aleksey: Ку
[2022-09-20] [18:22] Aleksey: Привет!
[2022-09-20] [18:22] Aleksey: Отлично
[2022-09-20] [22:17] Aleksey: Привет Питер
[2022-09-20] [23:41] Aleksey: qq
[2022-09-22] [23:51] Aleksey: Hi
[2022-09-22] [23:51] Aleksey: qq
[2022-09-23] [13:42] Aleksey: Привет!!
[2022-09-23] [13:55] Aleksey: Привет!, как дела ? 
[2022-09-23] [14:14] Aleksey: '
[2022-09-23] [14:22] Aleksey: d
[2022-09-23] [14:24] Aleksey: d
[2022-09-23] [15:22] Aleksey: f
[2022-09-23] [15:32] Aleksey: Привет!
[2022-09-26] [20:26] Aleksey: Привет!"
[2022-09-26] [20:29] Aleksey: ss
[2022-09-26] [20:29] Aleksey: ss
[2022-09-27] [14:52] Aleksey: Ккак дела ?
